INFO 2025-05-12 16:58:20,919 autoreload Watching for file changes with StatReloader
WARNING 2025-05-12 16:58:38,414 log Not Found: /
WARNING 2025-05-12 16:58:38,417 basehttp "GET / HTTP/1.1" 404 2392
WARNING 2025-05-12 16:58:38,623 log Not Found: /favicon.ico
WARNING 2025-05-12 16:58:38,624 basehttp "GET /favicon.ico HTTP/1.1" 404 2443
INFO 2025-05-12 16:59:00,489 autoreload E:\backmobile1\appCART\payment_views.py changed, reloading.
INFO 2025-05-12 16:59:01,974 autoreload Watching for file changes with StatReloader
INFO 2025-05-12 16:59:13,972 autoreload E:\backmobile1\appCART\payment_views.py changed, reloading.
INFO 2025-05-12 16:59:15,469 autoreload Watching for file changes with StatReloader
INFO 2025-05-12 16:59:36,732 autoreload E:\backmobile1\appCART\payment_views.py changed, reloading.
INFO 2025-05-12 16:59:38,428 autoreload Watching for file changes with StatReloader
INFO 2025-05-12 17:00:53,380 autoreload E:\backmobile1\appCART\payment_views.py changed, reloading.
INFO 2025-05-12 17:00:54,984 autoreload Watching for file changes with StatReloader
INFO 2025-05-12 17:05:01,353 autoreload E:\backmobile1\Food_ISPC\settings.py changed, reloading.
INFO 2025-05-12 17:05:02,903 autoreload Watching for file changes with StatReloader
INFO 2025-05-12 17:05:15,376 autoreload E:\backmobile1\appCART\payment_views.py changed, reloading.
INFO 2025-05-12 17:05:16,806 autoreload Watching for file changes with StatReloader
INFO 2025-05-12 17:05:21,834 autoreload E:\backmobile1\appCART\payment_views.py changed, reloading.
INFO 2025-05-12 17:05:23,287 autoreload Watching for file changes with StatReloader
INFO 2025-05-12 17:05:35,142 autoreload E:\backmobile1\appCART\payment_views.py changed, reloading.
INFO 2025-05-12 17:05:36,599 autoreload Watching for file changes with StatReloader
INFO 2025-05-12 17:07:19,788 autoreload E:\backmobile1\appCART\payment_views.py changed, reloading.
INFO 2025-05-12 17:07:21,279 autoreload Watching for file changes with StatReloader
INFO 2025-05-12 17:08:12,414 autoreload E:\backmobile1\Food_ISPC\settings.py changed, reloading.
INFO 2025-05-12 17:08:13,825 autoreload Watching for file changes with StatReloader
